<?xml version="1.0" encoding="UTF-8"?>
<testsuite xmlns:xsi="http://www.w3.org/2001/XMLSchema-instance" xsi:noNamespaceSchemaLocation="https://maven.apache.org/surefire/maven-surefire-plugin/xsd/surefire-test-report-3.0.xsd" version="3.0" name="TestRunner.MyTestRunner" time="17.236" tests="26" errors="0" skipped="15" failures="3">
  <properties>
[...]
</properties>
  <testcase name="user is on login page" classname="To check the if End to End Flow is working as expected for a order" time="1.748">
    <system-out><![CDATA[
@Endtest
Scenario: To check the if End to End Flow is working as expected for a order  # src/test/resources/Feature/EndToEnd.feature:6
sd is open
]]></system-out>
    <system-err><![CDATA[SLF4J: Failed to load class "org.slf4j.impl.StaticLoggerBinder".
SLF4J: Defaulting to no-operation (NOP) logger implementation
SLF4J: See http://www.slf4j.org/codes.html#StaticLoggerBinder for further details.
Starting ChromeDriver 99.0.4844.51 (d537ec02474b5afe23684e7963d538896c63ac77-refs/branch-heads/4844@{#875}) on port 59237
Only local connections are allowed.
Please see https://chromedriver.chromium.org/security-considerations for suggestions on keeping ChromeDriver safe.
ChromeDriver was started successfully.
Mar 24, 2022 5:27:40 PM org.openqa.selenium.remote.ProtocolHandshake createSession
INFO: Detected dialect: W3C
Mar 24, 2022 5:27:40 PM org.openqa.selenium.devtools.CdpVersionFinder findNearestMatch
WARNING: Unable to find an exact match for CDP version 99, so returning the closest version found: 97
Mar 24, 2022 5:27:40 PM org.openqa.selenium.devtools.CdpVersionFinder findNearestMatch
INFO: Found CDP implementation for version 99 of 97
]]></system-err>
  </testcase>
  <testcase name="user enters user name &quot;suryakc1999@gmail.com&quot; and password &quot;surya@123&quot;" classname="To check the if End to End Flow is working as expected for a order" time="0.102">
    <system-out><![CDATA[  Given user is on login page                                                 # stepdefination.SdLoginRe.user_is_on_login_page()
]]></system-out>
  </testcase>
  <testcase name="clicks on login button" classname="To check the if End to End Flow is working as expected for a order" time="3.552">
    <system-out><![CDATA[  When user enters user name "suryakc1999@gmail.com" and password "surya@123" # stepdefination.SdLoginRe.user_enters_user_name_and_password(java.lang.String,java.lang.String)
]]></system-out>
  </testcase>
  <testcase name="user is navigated to the home page" classname="To check the if End to End Flow is working as expected for a order" time="0.013">
    <system-out><![CDATA[  And clicks on login button                                                  # stepdefination.SdLoginRe.clicks_on_login_button()
]]></system-out>
  </testcase>
  <testcase name="user hovers on power tools link" classname="To check the if End to End Flow is working as expected for a order" time="0.187">
    <system-out><![CDATA[  Then user is navigated to the home page                                     # stepdefination.SdLoginRe.user_is_navigated_to_the_home_page()
]]></system-out>
  </testcase>
  <testcase name="hovers on drills link and click on that" classname="To check the if End to End Flow is working as expected for a order" time="6.097">
    <system-out><![CDATA[  When user hovers on power tools link                                        # stepdefination.SelectAProduct.user_hovers_on_power_tools_link()
]]></system-out>
  </testcase>
  <testcase name="user is navigated to drills page" classname="To check the if End to End Flow is working as expected for a order" time="0.165">
    <system-out><![CDATA[  And hovers on drills link and click on that                                 # stepdefination.SelectAProduct.hovers_on_drills_link_and_click_on_that()
]]></system-out>
  </testcase>
  <testcase name="user clicks on a product" classname="To check the if End to End Flow is working as expected for a order" time="0.001">
    <system-out><![CDATA[  Then user is navigated to drills page                                       # stepdefination.SelectAProduct.user_is_navigated_to_drills_page()
]]></system-out>
  </testcase>
  <testcase name="user is navigated to the products page" classname="To check the if End to End Flow is working as expected for a order" time="0.018">
    <failure type="org.opentest4j.AssertionFailedError"><![CDATA[org.opentest4j.AssertionFailedError: user is on wrong page ==> expected: <Buy Black+Decker HD555 - 13 mm, 550 W Hammer Drill Machine with Variable Speed Online at Best Prices in India> but was: <Power Drills: Buy Drill Machines Online at Best Price in India | ShakeDeal>
]]></failure>
    <system-out><![CDATA[  When user clicks on a product                                               # stepdefination.SelectAProduct.user_clicks_on_a_product()
]]></system-out>
  </testcase>
  <testcase name="user increases the quantity of the product" classname="To check the if End to End Flow is working as expected for a order" time="0">
    <skipped type="io.cucumber.junit.SkippedThrowable"><![CDATA[io.cucumber.junit.SkippedThrowable: This step is skipped
]]></skipped>
    <system-out><![CDATA[  Then user is navigated to the products page                                 # stepdefination.SelectAProduct.user_is_navigated_to_the_products_page()
      org.opentest4j.AssertionFailedError: user is on wrong page ==> expected: <Buy Black+Decker HD555 - 13 mm, 550 W Hammer Drill Machine with Variable Speed Online at Best Prices in India> but was: <Power Drills: Buy Drill Machines Online at Best Price in India | ShakeDeal>
	at org.junit.jupiter.api.AssertionUtils.fail(AssertionUtils.java:55)
	at org.junit.jupiter.api.AssertionUtils.failNotEqual(AssertionUtils.java:62)
	at org.junit.jupiter.api.AssertEquals.assertEquals(AssertEquals.java:182)
	at org.junit.jupiter.api.Assertions.assertEquals(Assertions.java:1152)
	at stepdefination.SelectAProduct.user_is_navigated_to_the_products_page(SelectAProduct.java:47)
	at âœ½.user is navigated to the products page(file:///C:/work/work_space/CucumberSDEndToEndFlow/src/test/resources/Feature/EndToEnd.feature:17)

]]></system-out>
  </testcase>
  <testcase name="clicks on Add to Cart button" classname="To check the if End to End Flow is working as expected for a order" time="0">
    <skipped type="io.cucumber.junit.SkippedThrowable"><![CDATA[io.cucumber.junit.SkippedThrowable: This step is skipped
]]></skipped>
    <system-out><![CDATA[  When user increases the quantity of the product                             # stepdefination.ProductsToCart.user_increases_the_quantity_of_the_product()
]]></system-out>
  </testcase>
  <testcase name="user is navigated to art page" classname="To check the if End to End Flow is working as expected for a order" time="0">
    <skipped type="io.cucumber.junit.SkippedThrowable"><![CDATA[io.cucumber.junit.SkippedThrowable: This step is skipped
]]></skipped>
    <system-out><![CDATA[  And clicks on Add to Cart button                                            # stepdefination.ProductsToCart.clicks_on_add_to_cart_button()
]]></system-out>
  </testcase>
  <testcase name="user clicks on Place Order button" classname="To check the if End to End Flow is working as expected for a order" time="0">
    <skipped type="io.cucumber.junit.SkippedThrowable"><![CDATA[io.cucumber.junit.SkippedThrowable: This step is skipped
]]></skipped>
    <system-out><![CDATA[  Then user is navigated to art page                                          # stepdefination.ProductsToCart.user_is_navigated_to_art_page()
]]></system-out>
  </testcase>
  <testcase name="user is navigated to Checkout page" classname="To check the if End to End Flow is working as expected for a order" time="0">
    <skipped type="io.cucumber.junit.SkippedThrowable"><![CDATA[io.cucumber.junit.SkippedThrowable: This step is skipped
]]></skipped>
    <system-out><![CDATA[  When user clicks on Place Order button                                      # stepdefination.ProductsToCart.user_clicks_on_place_order_button()
]]></system-out>
  </testcase>
  <testcase name="user clicks on continue button" classname="To check the if End to End Flow is working as expected for a order" time="0">
    <skipped type="io.cucumber.junit.SkippedThrowable"><![CDATA[io.cucumber.junit.SkippedThrowable: This step is skipped
]]></skipped>
    <system-out><![CDATA[  Then user is navigated to Checkout page                                     # stepdefination.ProductsToCart.user_is_navigated_to_checkout_page()
]]></system-out>
  </testcase>
  <testcase name="user selects the radio button of credit &amp; debit cards/ Net Banking/ EMI" classname="To check the if End to End Flow is working as expected for a order" time="0">
    <skipped type="io.cucumber.junit.SkippedThrowable"><![CDATA[io.cucumber.junit.SkippedThrowable: This step is skipped
]]></skipped>
    <system-out><![CDATA[  When user clicks on continue button
]]></system-out>
  </testcase>
  <testcase name="clicks on Place order button" classname="To check the if End to End Flow is working as expected for a order" time="0">
    <skipped type="io.cucumber.junit.SkippedThrowable"><![CDATA[io.cucumber.junit.SkippedThrowable: This step is skipped
]]></skipped>
    <system-out><![CDATA[  And user selects the radio button of credit & debit cards/ Net Banking/ EMI
]]></system-out>
  </testcase>
  <testcase name="user is navigated to Payment gateway page" classname="To check the if End to End Flow is working as expected for a order" time="0">
    <skipped type="io.cucumber.junit.SkippedThrowable"><![CDATA[io.cucumber.junit.SkippedThrowable: This step is skipped
]]></skipped>
    <system-out><![CDATA[  And clicks on Place order button
]]></system-out>
  </testcase>
  <testcase name="user scrolls down and clicks on netbanking option" classname="To check the if End to End Flow is working as expected for a order" time="0">
    <skipped type="io.cucumber.junit.SkippedThrowable"><![CDATA[io.cucumber.junit.SkippedThrowable: This step is skipped
]]></skipped>
    <system-out><![CDATA[  Then user is navigated to Payment gateway page
]]></system-out>
  </testcase>
  <testcase name="selects the bank option" classname="To check the if End to End Flow is working as expected for a order" time="0">
    <skipped type="io.cucumber.junit.SkippedThrowable"><![CDATA[io.cucumber.junit.SkippedThrowable: This step is skipped
]]></skipped>
    <system-out><![CDATA[  When user scrolls down and clicks on netbanking option
]]></system-out>
  </testcase>
  <testcase name="clicks on Pay button" classname="To check the if End to End Flow is working as expected for a order" time="0">
    <skipped type="io.cucumber.junit.SkippedThrowable"><![CDATA[io.cucumber.junit.SkippedThrowable: This step is skipped
]]></skipped>
    <system-out><![CDATA[  And selects the bank option
]]></system-out>
  </testcase>
  <testcase name="user is navigated to confirmation page" classname="To check the if End to End Flow is working as expected for a order" time="0">
    <skipped type="io.cucumber.junit.SkippedThrowable"><![CDATA[io.cucumber.junit.SkippedThrowable: This step is skipped
]]></skipped>
    <system-out><![CDATA[  And clicks on Pay button
]]></system-out>
  </testcase>
  <testcase name="user clicks on Success button" classname="To check the if End to End Flow is working as expected for a order" time="0">
    <skipped type="io.cucumber.junit.SkippedThrowable"><![CDATA[io.cucumber.junit.SkippedThrowable: This step is skipped
]]></skipped>
    <system-out><![CDATA[  Then user is navigated to confirmation page
]]></system-out>
  </testcase>
  <testcase name="order is placed" classname="To check the if End to End Flow is working as expected for a order" time="0">
    <skipped type="io.cucumber.junit.SkippedThrowable"><![CDATA[io.cucumber.junit.SkippedThrowable: This step is skipped
]]></skipped>
    <system-out><![CDATA[  When user clicks on Success button
]]></system-out>
  </testcase>
  <testcase name="To check the if End to End Flow is working as expected for a order" classname="Feature to test End to End Flow" time="0.003">
    <failure type="org.opentest4j.AssertionFailedError"><![CDATA[org.opentest4j.AssertionFailedError: user is on wrong page ==> expected: <Buy Black+Decker HD555 - 13 mm, 550 W Hammer Drill Machine with Variable Speed Online at Best Prices in India> but was: <Power Drills: Buy Drill Machines Online at Best Price in India | ShakeDeal>
]]></failure>
    <system-out><![CDATA[  Then order is placed
]]></system-out>
  </testcase>
  <testcase name="To check the if End to End Flow is working as expected for a order" classname="Feature to test End to End Flow" time="0.007">
    <failure type="org.opentest4j.AssertionFailedError"><![CDATA[org.opentest4j.AssertionFailedError: user is on wrong page ==> expected: <Buy Black+Decker HD555 - 13 mm, 550 W Hammer Drill Machine with Variable Speed Online at Best Prices in India> but was: <Power Drills: Buy Drill Machines Online at Best Price in India | ShakeDeal>
]]></failure>
  </testcase>
</testsuite>